{
  "name": "test_simple_failed",
  "status": "failed",
  "statusDetails": {
    "message": "AssertionError: This test intentionally fails\nassert False",
    "trace": ">   ???\nE   AssertionError: This test intentionally fails\nE   assert False\n\nC:\\Users\\hmq18\\Desktop\\code\\allure-markdown\\test_project\\tests\\test_simple.py:11: AssertionError"
  },
  "description": "Simple test that fails",
  "start": 1764867758605,
  "stop": 1764867758606,
  "uuid": "6e4d38fb-9586-48c5-87ca-91923fc1c9a8",
  "historyId": "bf82e32ee4b76842016afb1d235ff08a",
  "testCaseId": "bf82e32ee4b76842016afb1d235ff08a",
  "fullName": "tests.test_simple#test_simple_failed",
  "labels": [
    {
      "name": "parentSuite",
      "value": "tests"
    },
    {
      "name": "suite",
      "value": "test_simple"
    },
    {
      "name": "host",
      "value": "mikigo"
    },
    {
      "name": "thread",
      "value": "2540-MainThread"
    },
    {
      "name": "framework",
      "value": "pytest"
    },
    {
      "name": "language",
      "value": "cpython3"
    },
    {
      "name": "package",
      "value": "tests.test_simple"
    }
  ],
  "titlePath": [
    "tests",
    "test_simple.py"
  ]
}