{
  "name": "test_allure_simple_failed",
  "status": "failed",
  "statusDetails": {
    "message": "AssertionError: This test intentionally fails\nassert False",
    "trace": ">   ???\nE   AssertionError: This test intentionally fails\nE   assert False\n\nC:\\Users\\hmq18\\Desktop\\code\\allure-markdown\\test_project\\tests\\test_allure_simple.py:16: AssertionError"
  },
  "description": "Allure test that fails",
  "attachments": [
    {
      "name": "This is a simple log for failed test",
      "source": "e92e69e7-dabc-4580-bded-192c002b19bf-attachment.txt",
      "type": "text/plain"
    }
  ],
  "start": 1764867758425,
  "stop": 1764867758426,
  "uuid": "2521abb0-33ec-45f2-af37-5d34f6ab5262",
  "historyId": "44c64d671e3aba8b2d2aa1df99346555",
  "testCaseId": "44c64d671e3aba8b2d2aa1df99346555",
  "fullName": "tests.test_allure_simple#test_allure_simple_failed",
  "labels": [
    {
      "name": "feature",
      "value": "简单功能"
    },
    {
      "name": "parentSuite",
      "value": "tests"
    },
    {
      "name": "suite",
      "value": "test_allure_simple"
    },
    {
      "name": "host",
      "value": "mikigo"
    },
    {
      "name": "thread",
      "value": "2540-MainThread"
    },
    {
      "name": "framework",
      "value": "pytest"
    },
    {
      "name": "language",
      "value": "cpython3"
    },
    {
      "name": "package",
      "value": "tests.test_allure_simple"
    }
  ],
  "titlePath": [
    "tests",
    "test_allure_simple.py"
  ]
}