{
  "name": "test_failed_with_error_details",
  "status": "failed",
  "statusDetails": {
    "message": "AssertionError: 测试失败，原因: division by zero\nassert False",
    "trace": ">   ???\nE   ZeroDivisionError: division by zero\n\nC:\\Users\\hmq18\\Desktop\\code\\allure-markdown\\test_project\\tests\\test_comprehensive.py:31: ZeroDivisionError\n\nDuring handling of the above exception, another exception occurred:\n\n>   ???\nE   AssertionError: 测试失败，原因: division by zero\nE   assert False\n\nC:\\Users\\hmq18\\Desktop\\code\\allure-markdown\\test_project\\tests\\test_comprehensive.py:35: AssertionError"
  },
  "description": "测试失败并带有错误详情",
  "attachments": [
    {
      "name": "这是导致失败的参数值",
      "source": "d4e6303e-9d8b-4499-8d23-a98f54976e9a-attachment.txt",
      "type": "text/plain"
    },
    {
      "name": "division by zero",
      "source": "8ee4133c-d149-4eec-9809-68cd5f1019c2-attachment.txt",
      "type": "text/plain"
    },
    {
      "name": "ZeroDivisionError",
      "source": "f1943e3f-1b1e-4c30-a5c4-502f0758e563-attachment.txt",
      "type": "text/plain"
    }
  ],
  "start": 1764867758465,
  "stop": 1764867758467,
  "uuid": "374b41e3-8b7b-43f1-8c55-919e65824c51",
  "historyId": "754cdcf912dace2f69d00a589fda1afd",
  "testCaseId": "754cdcf912dace2f69d00a589fda1afd",
  "fullName": "tests.test_comprehensive#test_failed_with_error_details",
  "labels": [
    {
      "name": "story",
      "value": "失败场景"
    },
    {
      "name": "feature",
      "value": "综合测试"
    },
    {
      "name": "parentSuite",
      "value": "tests"
    },
    {
      "name": "suite",
      "value": "test_comprehensive"
    },
    {
      "name": "host",
      "value": "mikigo"
    },
    {
      "name": "thread",
      "value": "2540-MainThread"
    },
    {
      "name": "framework",
      "value": "pytest"
    },
    {
      "name": "language",
      "value": "cpython3"
    },
    {
      "name": "package",
      "value": "tests.test_comprehensive"
    }
  ],
  "titlePath": [
    "tests",
    "test_comprehensive.py"
  ]
}